<?xml version="1.0" encoding="UTF-8"?>
<!-- Generated by org.testng.reporters.JUnitReportReporter -->
<testsuite skipped="0" hostname="LAPTOP-0H3G4G6P" name="com.crm.qa.testcases.LoginPageTest" tests="3" failures="0" timestamp="2020-08-04T21:44:21 CAT" time="57.922" errors="0">
  <testcase name="loginPageTitleTest" time="15.344" classname="com.crm.qa.testcases.LoginPageTest"/>
  <testcase name="crmLogoTest" time="16.291" classname="com.crm.qa.testcases.LoginPageTest"/>
  <testcase name="loginTest" time="26.287" classname="com.crm.qa.testcases.LoginPageTest"/>
</testsuite> <!-- com.crm.qa.testcases.LoginPageTest -->
