<?xml version="1.0" encoding="UTF-8"?>
<!-- Generated by org.testng.reporters.JUnitReportReporter -->
<testsuite skipped="0" hostname="LAPTOP-0H3G4G6P" name="com.crm.qa.testcases.ContactsPageTest" tests="4" failures="0" timestamp="2020-08-04T21:44:21 CAT" time="120.324" errors="0">
  <testcase name="newContactTest" time="30.217" classname="com.crm.qa.testcases.ContactsPageTest"/>
  <testcase name="newContactTest" time="28.408" classname="com.crm.qa.testcases.ContactsPageTest"/>
  <testcase name="newContactTest" time="32.035" classname="com.crm.qa.testcases.ContactsPageTest"/>
  <testcase name="contactsLabelTest" time="29.664" classname="com.crm.qa.testcases.ContactsPageTest"/>
</testsuite> <!-- com.crm.qa.testcases.ContactsPageTest -->
