<?xml version="1.0" encoding="UTF-8"?>
<!-- Generated by org.testng.reporters.JUnitReportReporter -->
<testsuite skipped="0" hostname="LAPTOP-0H3G4G6P" name="com.crm.qa.testcases.HomePageTest" tests="5" failures="0" timestamp="2020-08-04T21:44:21 CAT" time="155.526" errors="0">
  <testcase name="dealsLinkTest" time="31.387" classname="com.crm.qa.testcases.HomePageTest"/>
  <testcase name="contactsLinkTest" time="28.496" classname="com.crm.qa.testcases.HomePageTest"/>
  <testcase name="tasksLinkTest" time="31.316" classname="com.crm.qa.testcases.HomePageTest"/>
  <testcase name="homePageTitleTest" time="28.974" classname="com.crm.qa.testcases.HomePageTest"/>
  <testcase name="userNameTest" time="35.353" classname="com.crm.qa.testcases.HomePageTest"/>
</testsuite> <!-- com.crm.qa.testcases.HomePageTest -->
